<?xml version="1.0" encoding="UTF-8"?>
<testng-results ignored="0" total="1" passed="1" failed="0" skipped="0">
  <reporter-output>
  </reporter-output>
  <suite started-at="2021-12-06T21:18:00 MEZ" name="helloworld.TestHelloWorld" finished-at="2021-12-06T21:18:00 MEZ" duration-ms="36">
    <groups>
    </groups>
    <test started-at="2021-12-06T21:18:00 MEZ" name="Command line test" finished-at="2021-12-06T21:18:00 MEZ" duration-ms="36">
      <class name="helloworld.TestHelloWorld">
        <test-method signature="testHelloWorld()[pri:0, instance:helloworld.TestHelloWorld@2d8f65a4]" started-at="2021-12-06T21:18:00 MEZ" name="testHelloWorld" finished-at="2021-12-06T21:18:00 MEZ" duration-ms="4" status="PASS">
          <reporter-output>
          </reporter-output>
        </test-method> <!-- testHelloWorld -->
      </class> <!-- helloworld.TestHelloWorld -->
    </test> <!-- Command line test -->
  </suite> <!-- helloworld.TestHelloWorld -->
</testng-results>
